<?xml version="1.0" encoding="UTF-8"?>
<!-- Generated by org.testng.reporters.JUnitXMLReporter -->
<testsuite hostname="Mos-MacBook-Pro.local" ignored="0" name="Run on Egde chromium" tests="6" failures="0" timestamp="21 Sep 2021 11:29:22 GMT" time="26.763" errors="0">
  <testcase name="Login_01_Empty_Email_And_Password" time="4.43" classname="com.liveguru.login.Level_04_Register_Login_Multiple_Browser"/>
  <testcase name="Login_02_Invalid_Email" time="0.908" classname="com.liveguru.login.Level_04_Register_Login_Multiple_Browser"/>
  <testcase name="Login_03_Invalid_Password" time="1.347" classname="com.liveguru.login.Level_04_Register_Login_Multiple_Browser"/>
  <testcase name="Login_04_Incorrect_Email" time="2.148" classname="com.liveguru.login.Level_04_Register_Login_Multiple_Browser"/>
  <testcase name="Login_05_Incorrect_Password" time="2.63" classname="com.liveguru.login.Level_04_Register_Login_Multiple_Browser"/>
  <testcase name="Login_06_Valid_Email_And_Password" time="2.849" classname="com.liveguru.login.Level_04_Register_Login_Multiple_Browser"/>
</testsuite> <!-- Run on Egde chromium -->
